  test.cpp
D:\GitHub\Code_Cpp\STL\List\List\list.h(1,1): warning C4819: 该文件包含不能在当前代码页(936)中表示的字符。请将该文件保存为 Unicode 格式以防止数据丢失
  (编译源文件“test.cpp”)
  
D:\GitHub\Code_Cpp\STL\List\List\ReverseIterator.h(1,1): warning C4819: 该文件包含不能在当前代码页(936)中表示的字符。请将该文件保存为 Unicode 格式以防止数据丢失
  (编译源文件“test.cpp”)
  
D:\Visual Studio\Visual Studio\VC\Tools\MSVC\14.39.33519\include\xutility(1060,54): error C2794: “reference”: 不是“std::iterator_traits<_InIt>”的任何直接或间接基类的成员
D:\Visual Studio\Visual Studio\VC\Tools\MSVC\14.39.33519\include\xutility(1060,54): error C2794:         with
D:\Visual Studio\Visual Studio\VC\Tools\MSVC\14.39.33519\include\xutility(1060,54): error C2794:         [
D:\Visual Studio\Visual Studio\VC\Tools\MSVC\14.39.33519\include\xutility(1060,54): error C2794:             _InIt=fmsaier::ListIterator<int,int &,int *>
D:\Visual Studio\Visual Studio\VC\Tools\MSVC\14.39.33519\include\xutility(1060,54): error C2794:         ]
  (编译源文件“test.cpp”)
  D:\Visual Studio\Visual Studio\VC\Tools\MSVC\14.39.33519\include\xutility(1060,54):
  模板实例化上下文(最早的实例化上下文)为
  	D:\GitHub\Code_Cpp\STL\List\List\test.cpp(46,2):
  	查看对正在编译的函数 模板 实例化“void std::reverse<fmsaier::ListIterator<T,T &,T *>>(const _BidIt,const _BidIt)”的引用
          with
          [
              T=int,
              _BidIt=fmsaier::ListIterator<int,int &,int *>
          ]
  	D:\Visual Studio\Visual Studio\VC\Tools\MSVC\14.39.33519\include\xutility(6155,62):
  	查看对正在编译的 别名 模板 实例化“std::_Iter_ref_t<_InIt>”的引用
          with
          [
              _InIt=fmsaier::ListIterator<int,int &,int *>
          ]
  
D:\Visual Studio\Visual Studio\VC\Tools\MSVC\14.39.33519\include\xutility(6155,62): error C2938: “std::_Iter_ref_t”: 未能使别名模板专用化
  (编译源文件“test.cpp”)
  
D:\Visual Studio\Visual Studio\VC\Tools\MSVC\14.39.33519\include\xutility(6157,50): error C3203: "is_volatile": 未指定的 类 模板 不能用作 模板 参数 "_Trait" 的 模板 参数，应为真实类型
  (编译源文件“test.cpp”)
  
D:\Visual Studio\Visual Studio\VC\Tools\MSVC\14.39.33519\include\xutility(6157,9): error C3203: "_Is_trivially_swappable": 未指定的 类 模板 不能用作 模板 参数 "_Traits" 的 模板 参数，应为真实类型
  (编译源文件“test.cpp”)
  
